<?xml version="1.0" encoding="UTF-8"?>
<testsuite xmlns:xsi="http://www.w3.org/2001/XMLSchema-instance" xsi:noNamespaceSchemaLocation="https://maven.apache.org/surefire/maven-surefire-plugin/xsd/surefire-test-report.xsd" name="com.julianosena.coursera.algorithm.part.two.usecase.GetLastTownFromTownsConnectionAndTheirDistancesUseCaseSpec" time="0.01" tests="1" errors="0" skipped="0" failures="0">
  <properties>
    <property name="gopherProxySet" value="false"/>
    <property name="awt.toolkit" value="sun.lwawt.macosx.LWCToolkit"/>
    <property name="file.encoding.pkg" value="sun.io"/>
    <property name="java.specification.version" value="1.8"/>
    <property name="sun.cpu.isalist" value=""/>
    <property name="sun.jnu.encoding" value="UTF-8"/>
    <property name="java.class.path" value="/Users/julianosena/Development/projects/repository/interview/thought-works/trains-challenge/target/test-classes:/Users/julianosena/Development/projects/repository/interview/thought-works/trains-challenge/target/classes:/Users/julianosena/.m2/repository/org/spockframework/spock-core/1.1-groovy-2.4-rc-2/spock-core-1.1-groovy-2.4-rc-2.jar:/Users/julianosena/.m2/repository/junit/junit/4.12/junit-4.12.jar:/Users/julianosena/.m2/repository/org/hamcrest/hamcrest-core/1.3/hamcrest-core-1.3.jar:/Users/julianosena/.m2/repository/org/codehaus/groovy/groovy-all/2.4.13/groovy-all-2.4.13.jar:/Users/julianosena/.m2/repository/com/athaydes/spock-reports/1.5.0/spock-reports-1.5.0.jar:/Users/julianosena/.m2/repository/org/slf4j/slf4j-api/1.7.25/slf4j-api-1.7.25.jar:"/>
    <property name="java.vm.vendor" value="Oracle Corporation"/>
    <property name="com.athaydes.spockframework.report.outputDir" value="target/reports"/>
    <property name="sun.arch.data.model" value="64"/>
    <property name="java.vendor.url" value="http://java.oracle.com/"/>
    <property name="user.timezone" value=""/>
    <property name="java.vm.specification.version" value="1.8"/>
    <property name="os.name" value="Mac OS X"/>
    <property name="user.country" value="BR"/>
    <property name="sun.java.launcher" value="SUN_STANDARD"/>
    <property name="sun.boot.library.path" value="/Library/Java/JavaVirtualMachines/jdk1.8.0_181.jdk/Contents/Home/jre/lib"/>
    <property name="sun.java.command" value="/Users/julianosena/Development/projects/repository/interview/thought-works/trains-challenge/target/surefire/surefirebooter1263022680787148684.jar /Users/julianosena/Development/projects/repository/interview/thought-works/trains-challenge/target/surefire 2018-08-07T09-50-52_319-jvmRun1 surefire454945147597476835tmp surefire_07730893736155645101tmp"/>
    <property name="http.nonProxyHosts" value="local|*.local|169.254/16|*.169.254/16"/>
    <property name="surefire.test.class.path" value="/Users/julianosena/Development/projects/repository/interview/thought-works/trains-challenge/target/test-classes:/Users/julianosena/Development/projects/repository/interview/thought-works/trains-challenge/target/classes:/Users/julianosena/.m2/repository/org/spockframework/spock-core/1.1-groovy-2.4-rc-2/spock-core-1.1-groovy-2.4-rc-2.jar:/Users/julianosena/.m2/repository/junit/junit/4.12/junit-4.12.jar:/Users/julianosena/.m2/repository/org/hamcrest/hamcrest-core/1.3/hamcrest-core-1.3.jar:/Users/julianosena/.m2/repository/org/codehaus/groovy/groovy-all/2.4.13/groovy-all-2.4.13.jar:/Users/julianosena/.m2/repository/com/athaydes/spock-reports/1.5.0/spock-reports-1.5.0.jar:/Users/julianosena/.m2/repository/org/slf4j/slf4j-api/1.7.25/slf4j-api-1.7.25.jar:"/>
    <property name="sun.cpu.endian" value="little"/>
    <property name="user.home" value="/Users/julianosena"/>
    <property name="user.language" value="en"/>
    <property name="java.specification.vendor" value="Oracle Corporation"/>
    <property name="java.home" value="/Library/Java/JavaVirtualMachines/jdk1.8.0_181.jdk/Contents/Home/jre"/>
    <property name="basedir" value="/Users/julianosena/Development/projects/repository/interview/thought-works/trains-challenge"/>
    <property name="file.separator" value="/"/>
    <property name="line.separator" value="&#10;"/>
    <property name="java.vm.specification.vendor" value="Oracle Corporation"/>
    <property name="java.specification.name" value="Java Platform API Specification"/>
    <property name="java.awt.graphicsenv" value="sun.awt.CGraphicsEnvironment"/>
    <property name="surefire.real.class.path" value="/Users/julianosena/Development/projects/repository/interview/thought-works/trains-challenge/target/surefire/surefirebooter1263022680787148684.jar"/>
    <property name="sun.boot.class.path" value="/Library/Java/JavaVirtualMachines/jdk1.8.0_181.jdk/Contents/Home/jre/lib/resources.jar:/Library/Java/JavaVirtualMachines/jdk1.8.0_181.jdk/Contents/Home/jre/lib/rt.jar:/Library/Java/JavaVirtualMachines/jdk1.8.0_181.jdk/Contents/Home/jre/lib/sunrsasign.jar:/Library/Java/JavaVirtualMachines/jdk1.8.0_181.jdk/Contents/Home/jre/lib/jsse.jar:/Library/Java/JavaVirtualMachines/jdk1.8.0_181.jdk/Contents/Home/jre/lib/jce.jar:/Library/Java/JavaVirtualMachines/jdk1.8.0_181.jdk/Contents/Home/jre/lib/charsets.jar:/Library/Java/JavaVirtualMachines/jdk1.8.0_181.jdk/Contents/Home/jre/lib/jfr.jar:/Library/Java/JavaVirtualMachines/jdk1.8.0_181.jdk/Contents/Home/jre/classes"/>
    <property name="sun.management.compiler" value="HotSpot 64-Bit Tiered Compilers"/>
    <property name="ftp.nonProxyHosts" value="local|*.local|169.254/16|*.169.254/16"/>
    <property name="java.runtime.version" value="1.8.0_181-b13"/>
    <property name="user.name" value="julianosena"/>
    <property name="path.separator" value=":"/>
    <property name="os.version" value="10.13.6"/>
    <property name="java.endorsed.dirs" value="/Library/Java/JavaVirtualMachines/jdk1.8.0_181.jdk/Contents/Home/jre/lib/endorsed"/>
    <property name="java.runtime.name" value="Java(TM) SE Runtime Environment"/>
    <property name="file.encoding" value="UTF-8"/>
    <property name="java.vm.name" value="Java HotSpot(TM) 64-Bit Server VM"/>
    <property name="localRepository" value="/Users/julianosena/.m2/repository"/>
    <property name="java.vendor.url.bug" value="http://bugreport.sun.com/bugreport/"/>
    <property name="java.io.tmpdir" value="/var/folders/z0/nfpl85ld5gxcz34g_p7w667m0000gn/T/"/>
    <property name="java.version" value="1.8.0_181"/>
    <property name="user.dir" value="/Users/julianosena/Development/projects/repository/interview/thought-works/trains-challenge"/>
    <property name="os.arch" value="x86_64"/>
    <property name="java.vm.specification.name" value="Java Virtual Machine Specification"/>
    <property name="java.awt.printerjob" value="sun.lwawt.macosx.CPrinterJob"/>
    <property name="sun.os.patch.level" value="unknown"/>
    <property name="java.library.path" value="/Users/julianosena/Library/Java/Extensions:/Library/Java/Extensions:/Network/Library/Java/Extensions:/System/Library/Java/Extensions:/usr/lib/java:."/>
    <property name="java.vm.info" value="mixed mode"/>
    <property name="java.vendor" value="Oracle Corporation"/>
    <property name="java.vm.version" value="25.181-b13"/>
    <property name="java.ext.dirs" value="/Users/julianosena/Library/Java/Extensions:/Library/Java/JavaVirtualMachines/jdk1.8.0_181.jdk/Contents/Home/jre/lib/ext:/Library/Java/Extensions:/Network/Library/Java/Extensions:/System/Library/Java/Extensions:/usr/lib/java"/>
    <property name="sun.io.unicode.encoding" value="UnicodeBig"/>
    <property name="java.class.version" value="52.0"/>
    <property name="socksNonProxyHosts" value="local|*.local|169.254/16|*.169.254/16"/>
  </properties>
  <testcase name="Should return a last Town instance from Towns Connection and their distances input" classname="com.julianosena.coursera.algorithm.part.two.usecase.GetLastTownFromTownsConnectionAndTheirDistancesUseCaseSpec" time="0.003"/>
</testsuite>